#
# A fatal error has been detected by the Java Runtime Environment:
#
#  Internal Error (exceptions.cpp:424), pid=6944, tid=5260
#  fatal error: ExceptionMark destructor expects no pending exceptions
#
# JRE version: Java(TM) SE Runtime Environment (7.0_79-b15) (build 1.7.0_79-b15)
# Java VM: Java HotSpot(TM) 64-Bit Server VM (24.79-b02 mixed mode windows-amd64 compressed oops)
# Failed to write core dump. Minidumps are not enabled by default on client versions of Windows
#
# If you would like to submit a bug report, please visit:
#   http://bugreport.java.com/bugreport/crash.jsp
#

---------------  T H R E A D  ---------------

Current thread (0x00000000021ee800):  JavaThread "main" [_thread_in_vm, id=5260, stack(0x00000000025f0000,0x00000000026f0000)]

Stack: [0x00000000025f0000,0x00000000026f0000]
[error occurred during error reporting (printing stack bounds), id 0xc0000005]


[error occurred during error reporting (printing native stack), id 0xc0000005]

Java frames: (J=compiled Java code, j=interpreted, Vv=VM code)
j  java.lang.ClassLoader.findBootstrapClass(Ljava/lang/String;)Ljava/lang/Class;+0
j  java.lang.ClassLoader.findBootstrapClassOrNull(Ljava/lang/String;)Ljava/lang/Class;+12
j  java.lang.ClassLoader.loadClass(Ljava/lang/String;Z)Ljava/lang/Class;+48
j  java.lang.ClassLoader.loadClass(Ljava/lang/String;Z)Ljava/lang/Class;+38
j  sun.misc.Launcher$AppClassLoader.loadClass(Ljava/lang/String;Z)Ljava/lang/Class;+36
j  java.lang.ClassLoader.loadClass(Ljava/lang/String;)Ljava/lang/Class;+3
j  sun.security.jca.ProviderConfig$2.run()Ljava/security/Provider;+50
j  sun.security.jca.ProviderConfig$2.run()Ljava/lang/Object;+1
v  ~StubRoutines::call_stub
j  java.security.AccessController.doPrivileged(Ljava/security/PrivilegedAction;)Ljava/lang/Object;+0
j  sun.security.jca.ProviderConfig.doLoadProvider()Ljava/security/Provider;+8
j  sun.security.jca.ProviderConfig.getProvider()Ljava/security/Provider;+88
j  sun.security.jca.ProviderList.getProvider(I)Ljava/security/Provider;+6
j  sun.security.jca.ProviderList.getService(Ljava/lang/String;Ljava/lang/String;)Ljava/security/Provider$Service;+13
j  sun.security.jca.GetInstance.getInstance(Ljava/lang/String;Ljava/lang/Class;Ljava/lang/String;)Lsun/security/jca/GetInstance$Instance;+7
j  java.security.Security.getImpl(Ljava/lang/String;Ljava/lang/String;Ljava/lang/String;)[Ljava/lang/Object;+10
j  java.security.MessageDigest.getInstance(Ljava/lang/String;)Ljava/security/MessageDigest;+7
j  com.android.dx.dex.file.DexFile.calcSignature([B)V+2
j  com.android.dx.dex.file.DexFile.toDex0(ZZ)Lcom/android/dx/util/ByteArrayAnnotatedOutput;+464
j  com.android.dx.dex.file.DexFile.toDex(Ljava/io/Writer;Z)[B+13
j  com.android.dx.command.dexer.Main.writeDex(Lcom/android/dx/dex/file/DexFile;)[B+44
j  com.android.dx.command.dexer.Main.runMonoDex()I+106
j  com.android.dx.command.dexer.Main.run(Lcom/android/dx/command/dexer/Main$Arguments;)I+76
j  com.android.dx.command.dexer.Main.main([Ljava/lang/String;)V+14
j  com.android.dx.command.Main.main([Ljava/lang/String;)V+61
v  ~StubRoutines::call_stub

---------------  P R O C E S S  ---------------

Java Threads: ( => current thread )
  0x00000000085a2800 JavaThread "Service Thread" daemon [_thread_blocked, id=7924, stack(0x0000000009fe0000,0x000000000a0e0000)]
  0x0000000008599800 JavaThread "C2 CompilerThread1" daemon [_thread_blocked, id=7804, stack(0x0000000009ec0000,0x0000000009fc0000)]
  0x0000000008597800 JavaThread "C2 CompilerThread0" daemon [_thread_blocked, id=8944, stack(0x0000000009d20000,0x0000000009e20000)]
  0x0000000008594000 JavaThread "Attach Listener" daemon [_thread_blocked, id=8304, stack(0x0000000009b30000,0x0000000009c30000)]
  0x000000000858f000 JavaThread "Signal Dispatcher" daemon [_thread_blocked, id=8388, stack(0x00000000098c0000,0x00000000099c0000)]
  0x0000000008535800 JavaThread "Finalizer" daemon [_thread_blocked, id=7356, stack(0x00000000099c0000,0x0000000009ac0000)]
  0x000000000852e800 JavaThread "Reference Handler" daemon [_thread_blocked, id=8408, stack(0x00000000097a0000,0x00000000098a0000)]
=>0x00000000021ee800 JavaThread "main" [_thread_in_vm, id=5260, stack(0x00000000025f0000,0x00000000026f0000)]

Other Threads:
  0x000000000852b000 VMThread [stack: 0x0000000009640000,0x0000000009740000] [id=9048]
  0x000000000a0e8800 WatcherThread [stack: 0x000000000a5e0000,0x000000000a6e0000] [id=1932]

VM state:not at safepoint (normal execution)

VM Mutex/Monitor currently owned by a thread: None

Heap
 PSYoungGen      total 135680K, used 17593K [0x00000000eaa80000, 0x00000000fbc80000, 0x0000000100000000)
  eden space 120832K, 2% used [0x00000000eaa80000,0x00000000ead36440,0x00000000f2080000)
  from space 14848K, 99% used [0x00000000f2080000,0x00000000f2ef8008,0x00000000f2f00000)
  to   space 19456K, 0% used [0x00000000fa980000,0x00000000fa980000,0x00000000fbc80000)
 ParOldGen       total 39936K, used 24807K [0x00000000c0000000, 0x00000000c2700000, 0x00000000eaa80000)
  object space 39936K, 62% used [0x00000000c0000000,0x00000000c1839e88,0x00000000c2700000)
 PSPermGen       total 21504K, used 6483K [0x00000000bae00000, 0x00000000bc300000, 0x00000000c0000000)
  object space 21504K, 30% used [0x00000000bae00000,0x00000000bb454f50,0x00000000bc300000)

Card table byte_map: [0x00000000056f0000,0x0000000005920000] byte_map_base: 0x0000000005119000

Polling page: 0x0000000000130000

Code Cache  [0x00000000026f0000, 0x0000000002990000, 0x00000000056f0000)
 total_blobs=1009 nmethods=769 adapters=192 free_code_cache=46527Kb largest_free_block=47592448

Compilation events (10 events):
Event: 23.728 Thread 0x0000000008599800 nmethod 791 0x0000000002975dd0 code [0x0000000002975f00, 0x0000000002975f78]
Event: 23.728 Thread 0x0000000008599800  792   !         com.android.dx.dex.file.OffsettedItem::writeTo (72 bytes)
Event: 23.730 Thread 0x0000000008597800 nmethod 789 0x0000000002983a10 code [0x0000000002983b80, 0x0000000002984208]
Event: 23.730 Thread 0x0000000008597800  793             com.android.dx.util.ByteArrayAnnotatedOutput::assertCursor (48 bytes)
Event: 23.730 Thread 0x0000000008597800 nmethod 793 0x0000000002975b90 code [0x0000000002975cc0, 0x0000000002975d38]
Event: 23.730 Thread 0x0000000008597800  794             com.android.dx.dex.file.MixedItemSection::writeTo0 (155 bytes)
Event: 23.731 Thread 0x0000000008599800 nmethod 792 0x000000000290ae50 code [0x000000000290afc0, 0x000000000290b238]
Event: 23.740 Thread 0x0000000008597800 nmethod 794 0x0000000002982550 code [0x0000000002982700, 0x0000000002982e10]
Event: 23.754 Thread 0x0000000008599800  795             java.util.Properties$LineReader::readLine (452 bytes)
Event: 23.766 Thread 0x0000000008599800 nmethod 795 0x0000000002985350 code [0x00000000029854e0, 0x0000000002985cd8]

GC Heap History (10 events):
Event: 7.364 GC heap before
{Heap before GC invocations=3 (full 0):
 PSYoungGen      total 33280K, used 33249K [0x00000000eaa80000, 0x00000000ecd80000, 0x0000000100000000)
  eden space 30720K, 100% used [0x00000000eaa80000,0x00000000ec880000,0x00000000ec880000)
  from space 2560K, 98% used [0x00000000ecb00000,0x00000000ecd78698,0x00000000ecd80000)
  to   space 2560K, 0% used [0x00000000ec880000,0x00000000ec880000,0x00000000ecb00000)
 ParOldGen       total 39936K, used 2075K [0x00000000c0000000, 0x00000000c2700000, 0x00000000eaa80000)
  object space 39936K, 5% used [0x00000000c0000000,0x00000000c0206c78,0x00000000c2700000)
 PSPermGen       total 21504K, used 5906K [0x00000000bae00000, 0x00000000bc300000, 0x00000000c0000000)
  object space 21504K, 27% used [0x00000000bae00000,0x00000000bb3c49c0,0x00000000bc300000)
Event: 7.377 GC heap after
Heap after GC invocations=3 (full 0):
 PSYoungGen      total 33280K, used 2550K [0x00000000eaa80000, 0x00000000eeb80000, 0x0000000100000000)
  eden space 30720K, 0% used [0x00000000eaa80000,0x00000000eaa80000,0x00000000ec880000)
  from space 2560K, 99% used [0x00000000ec880000,0x00000000ecafdab8,0x00000000ecb00000)
  to   space 2560K, 0% used [0x00000000ee900000,0x00000000ee900000,0x00000000eeb80000)
 ParOldGen       total 39936K, used 6743K [0x00000000c0000000, 0x00000000c2700000, 0x00000000eaa80000)
  object space 39936K, 16% used [0x00000000c0000000,0x00000000c0695dd0,0x00000000c2700000)
 PSPermGen       total 21504K, used 5906K [0x00000000bae00000, 0x00000000bc300000, 0x00000000c0000000)
  object space 21504K, 27% used [0x00000000bae00000,0x00000000bb3c49c0,0x00000000bc300000)
}
Event: 8.368 GC heap before
{Heap before GC invocations=4 (full 0):
 PSYoungGen      total 33280K, used 33270K [0x00000000eaa80000, 0x00000000eeb80000, 0x0000000100000000)
  eden space 30720K, 100% used [0x00000000eaa80000,0x00000000ec880000,0x00000000ec880000)
  from space 2560K, 99% used [0x00000000ec880000,0x00000000ecafdab8,0x00000000ecb00000)
  to   space 2560K, 0% used [0x00000000ee900000,0x00000000ee900000,0x00000000eeb80000)
 ParOldGen       total 39936K, used 6743K [0x00000000c0000000, 0x00000000c2700000, 0x00000000eaa80000)
  object space 39936K, 16% used [0x00000000c0000000,0x00000000c0695dd0,0x00000000c2700000)
 PSPermGen       total 21504K, used 5937K [0x00000000bae00000, 0x00000000bc300000, 0x00000000c0000000)
  object space 21504K, 27% used [0x00000000bae00000,0x00000000bb3cc7d0,0x00000000bc300000)
Event: 8.593 GC heap after
Heap after GC invocations=4 (full 0):
 PSYoungGen      total 64000K, used 2532K [0x00000000eaa80000, 0x00000000eeb80000, 0x0000000100000000)
  eden space 61440K, 0% used [0x00000000eaa80000,0x00000000eaa80000,0x00000000ee680000)
  from space 2560K, 98% used [0x00000000ee900000,0x00000000eeb79340,0x00000000eeb80000)
  to   space 2560K, 0% used [0x00000000ee680000,0x00000000ee680000,0x00000000ee900000)
 ParOldGen       total 39936K, used 11488K [0x00000000c0000000, 0x00000000c2700000, 0x00000000eaa80000)
  object space 39936K, 28% used [0x00000000c0000000,0x00000000c0b383c0,0x00000000c2700000)
 PSPermGen       total 21504K, used 5937K [0x00000000bae00000, 0x00000000bc300000, 0x00000000c0000000)
  object space 21504K, 27% used [0x00000000bae00000,0x00000000bb3cc7d0,0x00000000bc300000)
}
Event: 10.957 GC heap before
{Heap before GC invocations=5 (full 0):
 PSYoungGen      total 64000K, used 63972K [0x00000000eaa80000, 0x00000000eeb80000, 0x0000000100000000)
  eden space 61440K, 100% used [0x00000000eaa80000,0x00000000ee680000,0x00000000ee680000)
  from space 2560K, 98% used [0x00000000ee900000,0x00000000eeb79340,0x00000000eeb80000)
  to   space 2560K, 0% used [0x00000000ee680000,0x00000000ee680000,0x00000000ee900000)
 ParOldGen       total 39936K, used 11488K [0x00000000c0000000, 0x00000000c2700000, 0x00000000eaa80000)
  object space 39936K, 28% used [0x00000000c0000000,0x00000000c0b383c0,0x00000000c2700000)
 PSPermGen       total 21504K, used 5979K [0x00000000bae00000, 0x00000000bc300000, 0x00000000c0000000)
  object space 21504K, 27% used [0x00000000bae00000,0x00000000bb3d6da0,0x00000000bc300000)
Event: 11.505 GC heap after
Heap after GC invocations=5 (full 0):
 PSYoungGen      total 64000K, used 2542K [0x00000000eaa80000, 0x00000000f3b80000, 0x0000000100000000)
  eden space 61440K, 0% used [0x00000000eaa80000,0x00000000eaa80000,0x00000000ee680000)
  from space 2560K, 99% used [0x00000000ee680000,0x00000000ee8fbb60,0x00000000ee900000)
  to   space 12800K, 0% used [0x00000000f2f00000,0x00000000f2f00000,0x00000000f3b80000)
 ParOldGen       total 39936K, used 21086K [0x00000000c0000000, 0x00000000c2700000, 0x00000000eaa80000)
  object space 39936K, 52% used [0x00000000c0000000,0x00000000c1497b00,0x00000000c2700000)
 PSPermGen       total 21504K, used 5979K [0x00000000bae00000, 0x00000000bc300000, 0x00000000c0000000)
  object space 21504K, 27% used [0x00000000bae00000,0x00000000bb3d6da0,0x00000000bc300000)
}
Event: 17.665 GC heap before
{Heap before GC invocations=6 (full 0):
 PSYoungGen      total 64000K, used 63982K [0x00000000eaa80000, 0x00000000f3b80000, 0x0000000100000000)
  eden space 61440K, 100% used [0x00000000eaa80000,0x00000000ee680000,0x00000000ee680000)
  from space 2560K, 99% used [0x00000000ee680000,0x00000000ee8fbb60,0x00000000ee900000)
  to   space 12800K, 0% used [0x00000000f2f00000,0x00000000f2f00000,0x00000000f3b80000)
 ParOldGen       total 39936K, used 21086K [0x00000000c0000000, 0x00000000c2700000, 0x00000000eaa80000)
  object space 39936K, 52% used [0x00000000c0000000,0x00000000c1497b00,0x00000000c2700000)
 PSPermGen       total 21504K, used 6013K [0x00000000bae00000, 0x00000000bc300000, 0x00000000c0000000)
  object space 21504K, 27% used [0x00000000bae00000,0x00000000bb3df4f8,0x00000000bc300000)
Event: 17.750 GC heap after
Heap after GC invocations=6 (full 0):
 PSYoungGen      total 133632K, used 11439K [0x00000000eaa80000, 0x00000000f3f80000, 0x0000000100000000)
  eden space 120832K, 0% used [0x00000000eaa80000,0x00000000eaa80000,0x00000000f2080000)
  from space 12800K, 89% used [0x00000000f2f00000,0x00000000f3a2bec0,0x00000000f3b80000)
  to   space 14848K, 0% used [0x00000000f2080000,0x00000000f2080000,0x00000000f2f00000)
 ParOldGen       total 39936K, used 21086K [0x00000000c0000000, 0x00000000c2700000, 0x00000000eaa80000)
  object space 39936K, 52% used [0x00000000c0000000,0x00000000c1497b00,0x00000000c2700000)
 PSPermGen       total 21504K, used 6013K [0x00000000bae00000, 0x00000000bc300000, 0x00000000c0000000)
  object space 21504K, 27% used [0x00000000bae00000,0x00000000bb3df4f8,0x00000000bc300000)
}
Event: 23.352 GC heap before
{Heap before GC invocations=7 (full 0):
 PSYoungGen      total 133632K, used 132271K [0x00000000eaa80000, 0x00000000f3f80000, 0x0000000100000000)
  eden space 120832K, 100% used [0x00000000eaa80000,0x00000000f2080000,0x00000000f2080000)
  from space 12800K, 89% used [0x00000000f2f00000,0x00000000f3a2bec0,0x00000000f3b80000)
  to   space 14848K, 0% used [0x00000000f2080000,0x00000000f2080000,0x00000000f2f00000)
 ParOldGen       total 39936K, used 21086K [0x00000000c0000000, 0x00000000c2700000, 0x00000000eaa80000)
  object space 39936K, 52% used [0x00000000c0000000,0x00000000c1497b00,0x00000000c2700000)
 PSPermGen       total 21504K, used 6300K [0x00000000bae00000, 0x00000000bc300000, 0x00000000c0000000)
  object space 21504K, 29% used [0x00000000bae00000,0x00000000bb427130,0x00000000bc300000)
Event: 23.500 GC heap after
Heap after GC invocations=7 (full 0):
 PSYoungGen      total 135680K, used 14816K [0x00000000eaa80000, 0x00000000fbc80000, 0x0000000100000000)
  eden space 120832K, 0% used [0x00000000eaa80000,0x00000000eaa80000,0x00000000f2080000)
  from space 14848K, 99% used [0x00000000f2080000,0x00000000f2ef8008,0x00000000f2f00000)
  to   space 19456K, 0% used [0x00000000fa980000,0x00000000fa980000,0x00000000fbc80000)
 ParOldGen       total 39936K, used 24807K [0x00000000c0000000, 0x00000000c2700000, 0x00000000eaa80000)
  object space 39936K, 62% used [0x00000000c0000000,0x00000000c1839e88,0x00000000c2700000)
 PSPermGen       total 21504K, used 6300K [0x00000000bae00000, 0x00000000bc300000, 0x00000000c0000000)
  object space 21504K, 29% used [0x00000000bae00000,0x00000000bb427130,0x00000000bc300000)
}

Deoptimization events (10 events):
Event: 15.301 Thread 0x000000000a2ad800 Uncommon trap: reason=class_check action=maybe_recompile pc=0x000000000286b848 method=com.android.dx.ssa.SCCP.replaceConstants()V @ 127
Event: 15.301 Thread 0x000000000a2ad800 Uncommon trap: reason=bimorphic action=maybe_recompile pc=0x000000000290a340 method=com.android.dx.ssa.LiteralOpUpgrader.tryReplacingWithConstant(Lcom/android/dx/ssa/NormalSsaInsn;)Z @ 62
Event: 15.545 Thread 0x000000000a2ad800 Uncommon trap: reason=class_check action=maybe_recompile pc=0x000000000286b848 method=com.android.dx.ssa.SCCP.replaceConstants()V @ 127
Event: 17.432 Thread 0x000000000a2ad800 Uncommon trap: reason=bimorphic action=maybe_recompile pc=0x000000000290a340 method=com.android.dx.ssa.LiteralOpUpgrader.tryReplacingWithConstant(Lcom/android/dx/ssa/NormalSsaInsn;)Z @ 62
Event: 17.566 Thread 0x000000000a389000 Uncommon trap: reason=unloaded action=reinterpret pc=0x00000000028dad84 method=com.android.dx.cf.code.Ropper.addReturnBlock()V @ 45
Event: 17.566 Thread 0x000000000a389000 Uncommon trap: reason=unreached action=reinterpret pc=0x00000000027db8ec method=com.android.dx.ssa.MoveParamCombiner$1.visitNonMoveInsn(Lcom/android/dx/ssa/NormalSsaInsn;)V @ 27
Event: 17.591 Thread 0x000000000a39d000 Uncommon trap: reason=class_check action=maybe_recompile pc=0x0000000002910820 method=com.android.dx.cf.code.RopperMachine.run(Lcom/android/dx/cf/code/Frame;II)V @ 1024
Event: 22.679 Thread 0x00000000021ee800 Uncommon trap: reason=unreached action=reinterpret pc=0x000000000288851c method=com.android.dx.dex.file.DexFile.internIfAppropriate(Lcom/android/dx/rop/cst/Constant;)V @ 92
Event: 22.833 Thread 0x00000000021ee800 Uncommon trap: reason=predicate action=maybe_recompile pc=0x00000000028872dc method=java.util.ComparableTimSort.binarySort([Ljava/lang/Object;III)V @ 37
Event: 22.873 Thread 0x00000000021ee800 Uncommon trap: reason=null_check action=make_not_entrant pc=0x0000000002949ba0 method=com.android.dx.dex.code.LocalList$MakeState.finish()Lcom/android/dx/dex/code/LocalList; @ 81

Internal exceptions (10 events):
Event: 22.770 Thread 0x00000000021ee800 Threw 0x00000000f13b46d8 at C:\re\jdk7u79\2331\hotspot\src\share\vm\prims\jvm.cpp:1304
Event: 22.873 Thread 0x00000000021ee800 Implicit null exception at 0x0000000002948cec to 0x0000000002949b95
Event: 23.119 Thread 0x00000000021ee800 Threw 0x00000000f1d01b30 at C:\re\jdk7u79\2331\hotspot\src\share\vm\prims\jvm.cpp:1304
Event: 23.121 Thread 0x00000000021ee800 Threw 0x00000000f1d13538 at C:\re\jdk7u79\2331\hotspot\src\share\vm\prims\jvm.cpp:1304
Event: 23.121 Thread 0x00000000021ee800 Threw 0x00000000f1d16108 at C:\re\jdk7u79\2331\hotspot\src\share\vm\prims\jvm.cpp:1304
Event: 23.541 Thread 0x00000000021ee800 Threw 0x00000000eabb3ee0 at C:\re\jdk7u79\2331\hotspot\src\share\vm\prims\jvm.cpp:1304
Event: 23.555 Thread 0x00000000021ee800 Threw 0x00000000eac83168 at C:\re\jdk7u79\2331\hotspot\src\share\vm\prims\jvm.cpp:1304
Event: 23.561 Thread 0x00000000021ee800 Threw 0x00000000eac88f20 at C:\re\jdk7u79\2331\hotspot\src\share\vm\prims\jvm.cpp:1304
Event: 23.730 Thread 0x00000000021ee800 Threw 0x00000000eac90868 at C:\re\jdk7u79\2331\hotspot\src\share\vm\prims\jvm.cpp:1304
Event: 23.797 Thread 0x00000000021ee800 Threw 0x00000000eac9f348 at C:\re\jdk7u79\2331\hotspot\src\share\vm\classfile\classLoader.cpp:481

Events (10 events):
Event: 23.774 loading class 0x000000000b2b62a0 done
Event: 23.774 loading class 0x0000000002291380
Event: 23.775 loading class 0x0000000002291380 done
Event: 23.775 loading class 0x000000000b2b7780
Event: 23.776 loading class 0x000000000b2b7780 done
Event: 23.776 loading class 0x000000000a26cef0
Event: 23.777 loading class 0x000000000a26cef0 done
Event: 23.778 loading class 0x000000000a26d600
Event: 23.778 loading class 0x000000000a26d600 done
Event: 23.779 loading class 0x000000000a4767a0


Dynamic libraries:
0x000000013fe80000 - 0x000000013feb3000 	C:\Program Files\Java\jdk1.7.0_79\bin\java.exe
0x0000000076cd0000 - 0x0000000076e7a000 	C:\WINDOWS\SYSTEM32\ntdll.dll
0x0000000076bb0000 - 0x0000000076ccf000 	C:\WINDOWS\system32\kernel32.dll
0x000007fefcaf0000 - 0x000007fefcb5a000 	C:\WINDOWS\system32\KERNELBASE.dll
0x0000000074770000 - 0x00000000747f7000 	C:\WINDOWS\System32\SYSFER.DLL
0x000007fefea00000 - 0x000007fefeadb000 	C:\WINDOWS\system32\ADVAPI32.dll
0x000007fefd180000 - 0x000007fefd21f000 	C:\WINDOWS\system32\msvcrt.dll
0x000007fefed20000 - 0x000007fefed3f000 	C:\WINDOWS\SYSTEM32\sechost.dll
0x000007fefeb90000 - 0x000007fefecbd000 	C:\WINDOWS\system32\RPCRT4.dll
0x0000000076ab0000 - 0x0000000076baa000 	C:\WINDOWS\system32\USER32.dll
0x000007fefd610000 - 0x000007fefd677000 	C:\WINDOWS\system32\GDI32.dll
0x000007fefeb80000 - 0x000007fefeb8e000 	C:\WINDOWS\system32\LPK.dll
0x000007fefd690000 - 0x000007fefd75a000 	C:\WINDOWS\system32\USP10.dll
0x000007fefb3b0000 - 0x000007fefb5a4000 	C:\WINDOWS\WinSxS\amd64_microsoft.windows.common-controls_6595b64144ccf1df_6.0.7601.18837_none_fa3b1e3d17594757\COMCTL32.dll
0x000007fefe960000 - 0x000007fefe9d1000 	C:\WINDOWS\system32\SHLWAPI.dll
0x000007fefd840000 - 0x000007fefd86e000 	C:\WINDOWS\system32\IMM32.DLL
0x000007fefed40000 - 0x000007fefee49000 	C:\WINDOWS\system32\MSCTF.dll
0x00000000772c0000 - 0x0000000077392000 	C:\Program Files\Java\jdk1.7.0_79\jre\bin\msvcr100.dll
0x000000006e0d0000 - 0x000000006e8a5000 	C:\Program Files\Java\jdk1.7.0_79\jre\bin\server\jvm.dll
0x000007fef5b70000 - 0x000007fef5b79000 	C:\WINDOWS\system32\WSOCK32.dll
0x000007fefe910000 - 0x000007fefe95d000 	C:\WINDOWS\system32\WS2_32.dll
0x000007fefd680000 - 0x000007fefd688000 	C:\WINDOWS\system32\NSI.dll
0x000007fefa870000 - 0x000007fefa8ab000 	C:\WINDOWS\system32\WINMM.dll
0x0000000076ea0000 - 0x0000000076ea7000 	C:\WINDOWS\system32\PSAPI.DLL
0x000000006c6a0000 - 0x000000006c6af000 	C:\Program Files\Java\jdk1.7.0_79\jre\bin\verify.dll
0x0000000061c90000 - 0x0000000061cb8000 	C:\Program Files\Java\jdk1.7.0_79\jre\bin\java.dll
0x0000000061c70000 - 0x0000000061c85000 	C:\Program Files\Java\jdk1.7.0_79\jre\bin\zip.dll
0x0000000061b80000 - 0x0000000061b9a000 	C:\Program Files\Java\jdk1.7.0_79\jre\bin\net.dll
0x000007fefc1f0000 - 0x000007fefc245000 	C:\WINDOWS\system32\mswsock.dll
0x000007fefc1e0000 - 0x000007fefc1e7000 	C:\WINDOWS\System32\wship6.dll
0x0000000061b60000 - 0x0000000061b71000 	C:\Program Files\Java\jdk1.7.0_79\jre\bin\nio.dll

VM Arguments:
jvm_args: -Djava.awt.headless=true -Xmx1024M -Dfile.encoding=windows-1252 -Duser.country=FR -Duser.language=fr -Duser.variant 
java_command: com.android.dx.command.Main --dex --num-threads=4 --output D:\Users\nafofana\AndroidStudioProjects\Faneula\app\build\intermediates\pre-dexed\debug\com.android.support-appcompat-v7-23.3.0_02c0a103b631ac288031bfe5b4e40608490f00c5.jar D:\Users\nafofana\AndroidStudioProjects\Faneula\app\build\intermediates\exploded-aar\com.android.support\appcompat-v7\23.3.0\jars\classes.jar
Launcher Type: SUN_STANDARD

Environment Variables:
PATH=C:\WINDOWS\system32;C:\WINDOWS;C:\WINDOWS\System32\Wbem;C:\WINDOWS\System32\WindowsPowerShell\v1.0\;C:\WINDOWS\System32\WindowsPowerShell\v1.0\;C:\Program Files (x86)\Lenovo\Access Connections\;C:\Program Files\Git\cmd;C:\Program Files\nodejs\;C:\Users\nafofana\AppData\Roaming\npm
USERNAME=nafofana
OS=Windows_NT
PROCESSOR_IDENTIFIER=Intel64 Family 6 Model 60 Stepping 3, GenuineIntel



---------------  S Y S T E M  ---------------

OS: Windows 7 , 64 bit Build 7601 Service Pack 1

CPU:total 4 (2 cores per cpu, 2 threads per core) family 6 model 60 stepping 3, cmov, cx8, fxsr, mmx, sse, sse2, sse3, ssse3, sse4.1, sse4.2, popcnt, avx, avx2, aes, erms, ht, tsc, tscinvbit

Memory: 4k page, physical 3874552k(24772k free), swap 8008480k(838596k free)

vm_info: Java HotSpot(TM) 64-Bit Server VM (24.79-b02) for windows-amd64 JRE (1.7.0_79-b15), built on Apr 10 2015 12:36:16 by "java_re" with unknown MS VC++:1600

time: Tue May 10 16:13:02 2016
elapsed time: 23 seconds

